mode: set
stripe-service/scripts/create_test_data.go:22.13,26.25 2 0
stripe-service/scripts/create_test_data.go:26.25,29.3 2 0
stripe-service/scripts/create_test_data.go:31.2,36.16 4 0
stripe-service/scripts/create_test_data.go:36.16,39.3 2 0
stripe-service/scripts/create_test_data.go:40.2,46.16 5 0
stripe-service/scripts/create_test_data.go:46.16,49.3 2 0
stripe-service/scripts/create_test_data.go:50.2,56.16 5 0
stripe-service/scripts/create_test_data.go:56.16,59.3 2 0
stripe-service/scripts/create_test_data.go:60.2,66.16 5 0
stripe-service/scripts/create_test_data.go:66.16,69.3 2 0
stripe-service/scripts/create_test_data.go:70.2,76.16 5 0
stripe-service/scripts/create_test_data.go:76.16,79.3 2 0
stripe-service/scripts/create_test_data.go:80.2,85.40 4 0
stripe-service/scripts/create_test_data.go:85.40,87.3 1 0
stripe-service/scripts/create_test_data.go:90.2,99.95 9 0
stripe-service/scripts/create_test_data.go:102.30,104.16 2 0
stripe-service/scripts/create_test_data.go:104.16,106.3 1 0
stripe-service/scripts/create_test_data.go:107.2,108.41 2 0
stripe-service/scripts/create_test_data.go:111.43,124.16 3 0
stripe-service/scripts/create_test_data.go:124.16,126.3 1 0
stripe-service/scripts/create_test_data.go:128.2,129.56 2 0
stripe-service/scripts/create_test_data.go:129.56,131.3 1 0
stripe-service/scripts/create_test_data.go:133.2,133.37 1 0
stripe-service/scripts/create_test_data.go:136.42,148.16 3 0
stripe-service/scripts/create_test_data.go:148.16,150.3 1 0
stripe-service/scripts/create_test_data.go:152.2,153.55 2 0
stripe-service/scripts/create_test_data.go:153.55,155.3 1 0
stripe-service/scripts/create_test_data.go:157.2,157.36 1 0
stripe-service/scripts/create_test_data.go:160.56,173.16 3 0
stripe-service/scripts/create_test_data.go:173.16,175.3 1 0
stripe-service/scripts/create_test_data.go:177.2,178.53 2 0
stripe-service/scripts/create_test_data.go:178.53,180.3 1 0
stripe-service/scripts/create_test_data.go:182.2,182.34 1 0
stripe-service/scripts/create_test_data.go:185.65,197.16 3 0
stripe-service/scripts/create_test_data.go:197.16,199.3 1 0
stripe-service/scripts/create_test_data.go:201.2,202.61 2 0
stripe-service/scripts/create_test_data.go:202.61,204.3 1 0
stripe-service/scripts/create_test_data.go:206.2,206.42 1 0
stripe-service/scripts/create_test_data.go:209.73,220.16 3 0
stripe-service/scripts/create_test_data.go:220.16,222.3 1 0
stripe-service/scripts/create_test_data.go:224.2,225.60 2 0
stripe-service/scripts/create_test_data.go:225.60,227.3 1 0
stripe-service/scripts/create_test_data.go:229.2,229.41 1 0
stripe-service/scripts/create_test_data.go:232.28,234.16 2 0
stripe-service/scripts/create_test_data.go:234.16,236.3 1 0
stripe-service/scripts/create_test_data.go:238.2,239.56 2 0
stripe-service/scripts/create_test_data.go:239.56,241.3 1 0
stripe-service/scripts/create_test_data.go:243.2,246.37 3 0
stripe-service/scripts/create_test_data.go:246.37,249.3 2 0
stripe-service/scripts/create_test_data.go:251.2,251.12 1 0
stripe-service/scripts/create_test_data.go:254.80,257.20 2 0
stripe-service/scripts/create_test_data.go:257.20,259.17 2 0
stripe-service/scripts/create_test_data.go:259.17,261.4 1 0
stripe-service/scripts/create_test_data.go:262.3,262.35 1 0
stripe-service/scripts/create_test_data.go:265.2,266.16 2 0
stripe-service/scripts/create_test_data.go:266.16,268.3 1 0
stripe-service/scripts/create_test_data.go:270.2,270.20 1 0
stripe-service/scripts/create_test_data.go:270.20,272.3 1 0
stripe-service/scripts/create_test_data.go:274.2,276.16 3 0
stripe-service/scripts/create_test_data.go:276.16,278.3 1 0
stripe-service/scripts/create_test_data.go:279.2,282.16 3 0
stripe-service/scripts/create_test_data.go:282.16,284.3 1 0
stripe-service/scripts/create_test_data.go:286.2,286.28 1 0
stripe-service/scripts/create_test_data.go:286.28,288.3 1 0
stripe-service/scripts/create_test_data.go:290.2,290.22 1 0
stripe-service/internal/handlers/stripe.go:24.84,29.2 1 1
stripe-service/internal/handlers/stripe.go:34.128,42.34 2 1
stripe-service/internal/handlers/stripe.go:42.34,44.3 1 1
stripe-service/internal/handlers/stripe.go:46.2,47.89 2 1
stripe-service/internal/handlers/stripe.go:51.108,52.60 1 1
stripe-service/internal/handlers/stripe.go:52.60,55.3 2 1
stripe-service/internal/handlers/stripe.go:57.2,57.48 1 1
stripe-service/internal/handlers/stripe.go:57.48,60.3 2 1
stripe-service/internal/handlers/stripe.go:62.2,62.13 1 1
stripe-service/internal/handlers/stripe.go:66.119,70.17 3 1
stripe-service/internal/handlers/stripe.go:70.17,73.3 2 1
stripe-service/internal/handlers/stripe.go:75.2,75.20 1 1
stripe-service/internal/handlers/stripe.go:79.77,86.2 2 1
stripe-service/internal/handlers/stripe.go:91.80,94.41 2 1
stripe-service/internal/handlers/stripe.go:94.41,96.3 1 1
stripe-service/internal/handlers/stripe.go:98.2,99.16 2 1
stripe-service/internal/handlers/stripe.go:99.16,105.3 2 1
stripe-service/internal/handlers/stripe.go:107.2,107.46 1 1
stripe-service/internal/handlers/stripe.go:111.77,113.9 2 1
stripe-service/internal/handlers/stripe.go:113.9,115.3 1 1
stripe-service/internal/handlers/stripe.go:117.2,118.16 2 1
stripe-service/internal/handlers/stripe.go:118.16,123.3 2 1
stripe-service/internal/handlers/stripe.go:125.2,125.41 1 1
stripe-service/internal/handlers/stripe.go:129.79,133.60 2 1
stripe-service/internal/handlers/stripe.go:133.60,134.67 1 1
stripe-service/internal/handlers/stripe.go:134.67,136.4 1 1
stripe-service/internal/handlers/stripe.go:139.2,139.57 1 1
stripe-service/internal/handlers/stripe.go:139.57,141.3 1 0
stripe-service/internal/handlers/stripe.go:143.2,144.16 2 1
stripe-service/internal/handlers/stripe.go:144.16,150.3 2 1
stripe-service/internal/handlers/stripe.go:152.2,152.42 1 1
stripe-service/internal/handlers/stripe.go:158.85,161.41 2 1
stripe-service/internal/handlers/stripe.go:161.41,163.3 1 1
stripe-service/internal/handlers/stripe.go:165.2,166.16 2 1
stripe-service/internal/handlers/stripe.go:166.16,173.3 2 1
stripe-service/internal/handlers/stripe.go:175.2,175.51 1 1
stripe-service/internal/handlers/stripe.go:179.86,181.9 2 1
stripe-service/internal/handlers/stripe.go:181.9,183.3 1 1
stripe-service/internal/handlers/stripe.go:185.2,186.41 2 1
stripe-service/internal/handlers/stripe.go:186.41,188.3 1 1
stripe-service/internal/handlers/stripe.go:190.2,191.16 2 1
stripe-service/internal/handlers/stripe.go:191.16,197.3 2 1
stripe-service/internal/handlers/stripe.go:199.2,199.46 1 1
stripe-service/internal/handlers/stripe.go:205.79,208.41 2 1
stripe-service/internal/handlers/stripe.go:208.41,210.3 1 1
stripe-service/internal/handlers/stripe.go:212.2,213.16 2 1
stripe-service/internal/handlers/stripe.go:213.16,219.3 2 1
stripe-service/internal/handlers/stripe.go:221.2,221.45 1 1
stripe-service/internal/handlers/stripe.go:225.77,228.41 2 1
stripe-service/internal/handlers/stripe.go:228.41,230.3 1 1
stripe-service/internal/handlers/stripe.go:232.2,233.16 2 1
stripe-service/internal/handlers/stripe.go:233.16,240.3 2 1
stripe-service/internal/handlers/stripe.go:242.2,242.43 1 1
stripe-service/internal/handlers/stripe.go:248.84,251.41 2 1
stripe-service/internal/handlers/stripe.go:251.41,253.3 1 1
stripe-service/internal/handlers/stripe.go:255.2,256.16 2 1
stripe-service/internal/handlers/stripe.go:256.16,262.3 2 1
stripe-service/internal/handlers/stripe.go:264.2,264.50 1 1
stripe-service/internal/handlers/stripe.go:268.84,270.9 2 1
stripe-service/internal/handlers/stripe.go:270.9,272.3 1 1
stripe-service/internal/handlers/stripe.go:274.2,275.16 2 1
stripe-service/internal/handlers/stripe.go:275.16,280.3 2 1
stripe-service/internal/handlers/stripe.go:282.2,282.45 1 1
stripe-service/internal/handlers/stripe.go:287.88,291.56 3 1
stripe-service/internal/handlers/stripe.go:291.56,293.3 1 0
stripe-service/internal/handlers/stripe.go:296.87,301.65 4 1
stripe-service/internal/handlers/stripe.go:301.65,303.3 1 0
stripe-service/config/config.go:28.21,42.2 2 1
stripe-service/config/config.go:45.46,46.42 1 1
stripe-service/config/config.go:46.42,48.3 1 1
stripe-service/config/config.go:49.2,49.21 1 1
stripe-service/config/config.go:53.52,54.42 1 1
stripe-service/config/config.go:54.42,55.55 1 1
stripe-service/config/config.go:55.55,57.4 1 1
stripe-service/config/config.go:59.2,59.21 1 1
stripe-service/internal/service/stripe.go:28.58,37.2 3 1
stripe-service/internal/service/stripe.go:42.122,52.21 3 1
stripe-service/internal/service/stripe.go:52.21,54.3 1 0
stripe-service/internal/service/stripe.go:56.2,56.25 1 1
stripe-service/internal/service/stripe.go:56.25,58.3 1 0
stripe-service/internal/service/stripe.go:60.2,61.16 2 1
stripe-service/internal/service/stripe.go:61.16,63.3 1 1
stripe-service/internal/service/stripe.go:65.2,65.53 1 0
stripe-service/internal/service/stripe.go:69.103,74.16 4 1
stripe-service/internal/service/stripe.go:74.16,76.3 1 1
stripe-service/internal/service/stripe.go:78.2,78.53 1 0
stripe-service/internal/service/stripe.go:82.133,86.19 3 1
stripe-service/internal/service/stripe.go:86.19,88.3 1 0
stripe-service/internal/service/stripe.go:88.8,90.3 1 1
stripe-service/internal/service/stripe.go:92.2,92.22 1 1
stripe-service/internal/service/stripe.go:92.22,94.3 1 0
stripe-service/internal/service/stripe.go:96.2,99.18 3 1
stripe-service/internal/service/stripe.go:99.18,101.3 1 0
stripe-service/internal/service/stripe.go:103.2,103.35 1 1
stripe-service/internal/service/stripe.go:103.35,105.3 1 1
stripe-service/internal/service/stripe.go:107.2,110.8 1 0
stripe-service/internal/service/stripe.go:116.137,123.26 3 0
stripe-service/internal/service/stripe.go:123.26,125.3 1 0
stripe-service/internal/service/stripe.go:127.2,127.27 1 0
stripe-service/internal/service/stripe.go:127.27,129.3 1 0
stripe-service/internal/service/stripe.go:131.2,131.25 1 0
stripe-service/internal/service/stripe.go:131.25,133.3 1 0
stripe-service/internal/service/stripe.go:135.2,135.31 1 0
stripe-service/internal/service/stripe.go:135.31,137.3 1 0
stripe-service/internal/service/stripe.go:139.2,139.34 1 0
stripe-service/internal/service/stripe.go:139.34,141.3 1 0
stripe-service/internal/service/stripe.go:143.2,144.16 2 0
stripe-service/internal/service/stripe.go:144.16,146.3 1 0
stripe-service/internal/service/stripe.go:148.2,148.52 1 0
stripe-service/internal/service/stripe.go:152.163,156.31 3 0
stripe-service/internal/service/stripe.go:156.31,158.3 1 0
stripe-service/internal/service/stripe.go:160.2,160.25 1 0
stripe-service/internal/service/stripe.go:160.25,162.3 1 0
stripe-service/internal/service/stripe.go:164.2,165.16 2 0
stripe-service/internal/service/stripe.go:165.16,167.3 1 0
stripe-service/internal/service/stripe.go:169.2,169.52 1 0
stripe-service/internal/service/stripe.go:175.119,183.25 3 0
stripe-service/internal/service/stripe.go:183.25,185.3 1 0
stripe-service/internal/service/stripe.go:187.2,188.16 2 0
stripe-service/internal/service/stripe.go:188.16,190.3 1 0
stripe-service/internal/service/stripe.go:192.2,192.51 1 0
stripe-service/internal/service/stripe.go:196.113,205.60 3 0
stripe-service/internal/service/stripe.go:205.60,209.3 1 0
stripe-service/internal/service/stripe.go:211.2,211.25 1 0
stripe-service/internal/service/stripe.go:211.25,213.3 1 0
stripe-service/internal/service/stripe.go:215.2,216.16 2 0
stripe-service/internal/service/stripe.go:216.16,218.3 1 0
stripe-service/internal/service/stripe.go:220.2,220.47 1 0
stripe-service/internal/service/stripe.go:226.134,237.25 3 0
stripe-service/internal/service/stripe.go:237.25,239.3 1 0
stripe-service/internal/service/stripe.go:241.2,242.16 2 0
stripe-service/internal/service/stripe.go:242.16,244.3 1 0
stripe-service/internal/service/stripe.go:246.2,246.52 1 0
stripe-service/internal/service/stripe.go:250.118,255.16 4 0
stripe-service/internal/service/stripe.go:255.16,257.3 1 0
stripe-service/internal/service/stripe.go:259.2,259.52 1 0
stripe-service/internal/service/stripe.go:280.65,280.89 1 0
stripe-service/internal/service/stripe.go:281.65,281.92 1 0
stripe-service/internal/service/stripe.go:282.65,282.91 1 0
stripe-service/internal/service/stripe.go:283.65,283.92 1 0
stripe-service/internal/service/stripe.go:284.65,284.98 1 0
stripe-service/internal/service/stripe.go:285.65,285.95 1 0
stripe-service/internal/service/stripe.go:286.65,286.94 1 0
stripe-service/internal/service/stripe.go:288.97,291.2 2 0
stripe-service/internal/service/stripe.go:293.104,307.2 2 1
stripe-service/internal/service/stripe.go:309.106,311.30 2 0
stripe-service/internal/service/stripe.go:311.30,313.3 1 0
stripe-service/internal/service/stripe.go:315.2,328.3 2 0
stripe-service/internal/service/stripe.go:331.93,334.31 3 0
stripe-service/internal/service/stripe.go:334.31,336.3 1 0
stripe-service/internal/service/stripe.go:338.2,346.3 1 0
stripe-service/internal/service/stripe.go:349.85,355.34 4 0
stripe-service/internal/service/stripe.go:355.34,358.3 2 0
stripe-service/internal/service/stripe.go:360.2,371.3 1 0
stripe-service/internal/service/stripe.go:374.104,388.2 2 0
stripe-service/main.go:20.13,25.32 2 0
stripe-service/main.go:25.32,27.3 1 0
stripe-service/main.go:30.2,48.12 5 0
stripe-service/main.go:48.12,50.80 2 0
stripe-service/main.go:50.80,52.4 1 0
stripe-service/main.go:56.2,66.45 7 0
stripe-service/main.go:66.45,68.3 1 0
stripe-service/main.go:70.2,70.45 1 0
stripe-service/main.go:73.69,106.2 15 1
stripe-service/main.go:109.56,110.71 1 1
stripe-service/main.go:110.71,129.3 5 1
stripe-service/main.go:133.53,134.71 1 1
stripe-service/main.go:134.71,139.28 4 1
stripe-service/main.go:139.28,142.4 2 1
stripe-service/main.go:144.3,144.23 1 1
stripe-service/main.go:154.56,157.2 2 1
