mode: set
stripe-service/internal/handlers/stripe.go:24.84,29.2 1 1
stripe-service/internal/handlers/stripe.go:34.128,42.34 2 1
stripe-service/internal/handlers/stripe.go:42.34,44.3 1 1
stripe-service/internal/handlers/stripe.go:46.2,47.89 2 1
stripe-service/internal/handlers/stripe.go:51.108,52.60 1 1
stripe-service/internal/handlers/stripe.go:52.60,55.3 2 1
stripe-service/internal/handlers/stripe.go:57.2,57.48 1 1
stripe-service/internal/handlers/stripe.go:57.48,60.3 2 1
stripe-service/internal/handlers/stripe.go:62.2,62.13 1 1
stripe-service/internal/handlers/stripe.go:66.119,70.17 3 1
stripe-service/internal/handlers/stripe.go:70.17,73.3 2 1
stripe-service/internal/handlers/stripe.go:75.2,75.20 1 1
stripe-service/internal/handlers/stripe.go:79.77,86.2 2 1
stripe-service/internal/handlers/stripe.go:91.80,94.41 2 1
stripe-service/internal/handlers/stripe.go:94.41,96.3 1 1
stripe-service/internal/handlers/stripe.go:98.2,99.16 2 1
stripe-service/internal/handlers/stripe.go:99.16,105.3 2 1
stripe-service/internal/handlers/stripe.go:107.2,107.46 1 1
stripe-service/internal/handlers/stripe.go:111.77,113.9 2 1
stripe-service/internal/handlers/stripe.go:113.9,115.3 1 1
stripe-service/internal/handlers/stripe.go:117.2,118.16 2 1
stripe-service/internal/handlers/stripe.go:118.16,123.3 2 1
stripe-service/internal/handlers/stripe.go:125.2,125.41 1 1
stripe-service/internal/handlers/stripe.go:129.79,133.60 2 1
stripe-service/internal/handlers/stripe.go:133.60,134.67 1 1
stripe-service/internal/handlers/stripe.go:134.67,136.4 1 1
stripe-service/internal/handlers/stripe.go:139.2,139.57 1 1
stripe-service/internal/handlers/stripe.go:139.57,141.3 1 1
stripe-service/internal/handlers/stripe.go:143.2,144.16 2 1
stripe-service/internal/handlers/stripe.go:144.16,150.3 2 1
stripe-service/internal/handlers/stripe.go:152.2,152.42 1 1
stripe-service/internal/handlers/stripe.go:158.85,161.41 2 1
stripe-service/internal/handlers/stripe.go:161.41,163.3 1 1
stripe-service/internal/handlers/stripe.go:165.2,166.16 2 1
stripe-service/internal/handlers/stripe.go:166.16,173.3 2 1
stripe-service/internal/handlers/stripe.go:175.2,175.51 1 1
stripe-service/internal/handlers/stripe.go:179.86,181.9 2 1
stripe-service/internal/handlers/stripe.go:181.9,183.3 1 1
stripe-service/internal/handlers/stripe.go:185.2,186.41 2 1
stripe-service/internal/handlers/stripe.go:186.41,188.3 1 1
stripe-service/internal/handlers/stripe.go:190.2,191.16 2 1
stripe-service/internal/handlers/stripe.go:191.16,197.3 2 1
stripe-service/internal/handlers/stripe.go:199.2,199.46 1 1
stripe-service/internal/handlers/stripe.go:205.79,208.41 2 1
stripe-service/internal/handlers/stripe.go:208.41,210.3 1 1
stripe-service/internal/handlers/stripe.go:212.2,213.16 2 1
stripe-service/internal/handlers/stripe.go:213.16,219.3 2 1
stripe-service/internal/handlers/stripe.go:221.2,221.45 1 1
stripe-service/internal/handlers/stripe.go:225.77,228.41 2 1
stripe-service/internal/handlers/stripe.go:228.41,230.3 1 1
stripe-service/internal/handlers/stripe.go:232.2,233.16 2 1
stripe-service/internal/handlers/stripe.go:233.16,240.3 2 1
stripe-service/internal/handlers/stripe.go:242.2,242.43 1 1
stripe-service/internal/handlers/stripe.go:248.84,251.41 2 1
stripe-service/internal/handlers/stripe.go:251.41,253.3 1 1
stripe-service/internal/handlers/stripe.go:255.2,256.16 2 1
stripe-service/internal/handlers/stripe.go:256.16,262.3 2 1
stripe-service/internal/handlers/stripe.go:264.2,264.50 1 1
stripe-service/internal/handlers/stripe.go:268.84,270.9 2 1
stripe-service/internal/handlers/stripe.go:270.9,272.3 1 1
stripe-service/internal/handlers/stripe.go:274.2,275.16 2 1
stripe-service/internal/handlers/stripe.go:275.16,280.3 2 1
stripe-service/internal/handlers/stripe.go:282.2,282.45 1 1
stripe-service/internal/handlers/stripe.go:287.88,291.56 3 1
stripe-service/internal/handlers/stripe.go:291.56,293.3 1 1
stripe-service/internal/handlers/stripe.go:296.87,301.65 4 1
stripe-service/internal/handlers/stripe.go:301.65,303.3 1 1
