mode: set
stripe-service/internal/service/stripe.go:28.58,37.2 3 1
stripe-service/internal/service/stripe.go:42.122,52.21 3 1
stripe-service/internal/service/stripe.go:52.21,54.3 1 0
stripe-service/internal/service/stripe.go:56.2,56.25 1 1
stripe-service/internal/service/stripe.go:56.25,58.3 1 0
stripe-service/internal/service/stripe.go:60.2,61.16 2 1
stripe-service/internal/service/stripe.go:61.16,63.3 1 1
stripe-service/internal/service/stripe.go:65.2,65.53 1 0
stripe-service/internal/service/stripe.go:69.103,74.16 4 1
stripe-service/internal/service/stripe.go:74.16,76.3 1 1
stripe-service/internal/service/stripe.go:78.2,78.53 1 0
stripe-service/internal/service/stripe.go:82.133,86.19 3 1
stripe-service/internal/service/stripe.go:86.19,88.3 1 0
stripe-service/internal/service/stripe.go:88.8,90.3 1 1
stripe-service/internal/service/stripe.go:92.2,92.22 1 1
stripe-service/internal/service/stripe.go:92.22,94.3 1 0
stripe-service/internal/service/stripe.go:96.2,99.18 3 1
stripe-service/internal/service/stripe.go:99.18,101.3 1 0
stripe-service/internal/service/stripe.go:103.2,103.35 1 1
stripe-service/internal/service/stripe.go:103.35,105.3 1 1
stripe-service/internal/service/stripe.go:107.2,110.8 1 0
stripe-service/internal/service/stripe.go:116.137,123.26 3 1
stripe-service/internal/service/stripe.go:123.26,125.3 1 0
stripe-service/internal/service/stripe.go:127.2,127.27 1 1
stripe-service/internal/service/stripe.go:127.27,129.3 1 0
stripe-service/internal/service/stripe.go:131.2,131.25 1 1
stripe-service/internal/service/stripe.go:131.25,133.3 1 0
stripe-service/internal/service/stripe.go:135.2,135.31 1 1
stripe-service/internal/service/stripe.go:135.31,137.3 1 0
stripe-service/internal/service/stripe.go:139.2,139.34 1 1
stripe-service/internal/service/stripe.go:139.34,141.3 1 0
stripe-service/internal/service/stripe.go:143.2,144.16 2 1
stripe-service/internal/service/stripe.go:144.16,146.3 1 1
stripe-service/internal/service/stripe.go:148.2,148.52 1 0
stripe-service/internal/service/stripe.go:152.163,156.31 3 1
stripe-service/internal/service/stripe.go:156.31,158.3 1 1
stripe-service/internal/service/stripe.go:160.2,160.25 1 1
stripe-service/internal/service/stripe.go:160.25,162.3 1 0
stripe-service/internal/service/stripe.go:164.2,165.16 2 1
stripe-service/internal/service/stripe.go:165.16,167.3 1 1
stripe-service/internal/service/stripe.go:169.2,169.52 1 0
stripe-service/internal/service/stripe.go:175.119,183.25 3 1
stripe-service/internal/service/stripe.go:183.25,185.3 1 0
stripe-service/internal/service/stripe.go:187.2,188.16 2 1
stripe-service/internal/service/stripe.go:188.16,190.3 1 1
stripe-service/internal/service/stripe.go:192.2,192.51 1 0
stripe-service/internal/service/stripe.go:196.113,205.60 3 1
stripe-service/internal/service/stripe.go:205.60,209.3 1 1
stripe-service/internal/service/stripe.go:211.2,211.25 1 1
stripe-service/internal/service/stripe.go:211.25,213.3 1 0
stripe-service/internal/service/stripe.go:215.2,216.16 2 1
stripe-service/internal/service/stripe.go:216.16,218.3 1 1
stripe-service/internal/service/stripe.go:220.2,220.47 1 0
stripe-service/internal/service/stripe.go:226.134,237.25 3 1
stripe-service/internal/service/stripe.go:237.25,239.3 1 0
stripe-service/internal/service/stripe.go:241.2,242.16 2 1
stripe-service/internal/service/stripe.go:242.16,244.3 1 1
stripe-service/internal/service/stripe.go:246.2,246.52 1 0
stripe-service/internal/service/stripe.go:250.118,255.16 4 1
stripe-service/internal/service/stripe.go:255.16,257.3 1 1
stripe-service/internal/service/stripe.go:259.2,259.52 1 0
stripe-service/internal/service/stripe.go:280.65,280.89 1 0
stripe-service/internal/service/stripe.go:281.65,281.92 1 0
stripe-service/internal/service/stripe.go:282.65,282.91 1 0
stripe-service/internal/service/stripe.go:283.65,283.92 1 0
stripe-service/internal/service/stripe.go:284.65,284.98 1 0
stripe-service/internal/service/stripe.go:285.65,285.95 1 0
stripe-service/internal/service/stripe.go:286.65,286.94 1 0
stripe-service/internal/service/stripe.go:288.97,289.27 1 1
stripe-service/internal/service/stripe.go:289.27,291.3 1 1
stripe-service/internal/service/stripe.go:292.2,293.50 2 0
stripe-service/internal/service/stripe.go:296.104,310.2 2 1
stripe-service/internal/service/stripe.go:312.106,313.21 1 1
stripe-service/internal/service/stripe.go:313.21,315.3 1 1
stripe-service/internal/service/stripe.go:316.2,317.30 2 0
stripe-service/internal/service/stripe.go:317.30,319.3 1 0
stripe-service/internal/service/stripe.go:321.2,334.3 2 0
stripe-service/internal/service/stripe.go:337.93,338.26 1 1
stripe-service/internal/service/stripe.go:338.26,340.3 1 1
stripe-service/internal/service/stripe.go:341.2,343.31 3 0
stripe-service/internal/service/stripe.go:343.31,345.3 1 0
stripe-service/internal/service/stripe.go:347.2,355.3 1 0
stripe-service/internal/service/stripe.go:358.85,359.24 1 1
stripe-service/internal/service/stripe.go:359.24,361.3 1 1
stripe-service/internal/service/stripe.go:362.2,367.34 4 0
stripe-service/internal/service/stripe.go:367.34,370.3 2 0
stripe-service/internal/service/stripe.go:372.2,383.3 1 0
stripe-service/internal/service/stripe.go:386.104,387.22 1 1
stripe-service/internal/service/stripe.go:387.22,389.3 1 1
stripe-service/internal/service/stripe.go:390.2,402.3 2 0
