mode: set
stripe-service/internal/service/stripe.go:28.58,37.2 3 1
stripe-service/internal/service/stripe.go:42.122,52.21 3 1
stripe-service/internal/service/stripe.go:52.21,54.3 1 0
stripe-service/internal/service/stripe.go:56.2,56.25 1 1
stripe-service/internal/service/stripe.go:56.25,58.3 1 0
stripe-service/internal/service/stripe.go:60.2,61.16 2 1
stripe-service/internal/service/stripe.go:61.16,63.3 1 1
stripe-service/internal/service/stripe.go:65.2,65.53 1 0
stripe-service/internal/service/stripe.go:69.103,74.16 4 1
stripe-service/internal/service/stripe.go:74.16,76.3 1 1
stripe-service/internal/service/stripe.go:78.2,78.53 1 0
stripe-service/internal/service/stripe.go:82.133,86.19 3 1
stripe-service/internal/service/stripe.go:86.19,88.3 1 0
stripe-service/internal/service/stripe.go:88.8,90.3 1 1
stripe-service/internal/service/stripe.go:92.2,92.22 1 1
stripe-service/internal/service/stripe.go:92.22,94.3 1 0
stripe-service/internal/service/stripe.go:96.2,99.18 3 1
stripe-service/internal/service/stripe.go:99.18,101.3 1 0
stripe-service/internal/service/stripe.go:103.2,103.35 1 1
stripe-service/internal/service/stripe.go:103.35,105.3 1 1
stripe-service/internal/service/stripe.go:107.2,110.8 1 0
stripe-service/internal/service/stripe.go:116.137,123.26 3 1
stripe-service/internal/service/stripe.go:123.26,125.3 1 0
stripe-service/internal/service/stripe.go:127.2,127.27 1 1
stripe-service/internal/service/stripe.go:127.27,129.3 1 0
stripe-service/internal/service/stripe.go:131.2,131.25 1 1
stripe-service/internal/service/stripe.go:131.25,133.3 1 0
stripe-service/internal/service/stripe.go:135.2,135.31 1 1
stripe-service/internal/service/stripe.go:135.31,137.3 1 0
stripe-service/internal/service/stripe.go:139.2,139.34 1 1
stripe-service/internal/service/stripe.go:139.34,141.3 1 0
stripe-service/internal/service/stripe.go:143.2,144.16 2 1
stripe-service/internal/service/stripe.go:144.16,146.3 1 1
stripe-service/internal/service/stripe.go:148.2,148.52 1 0
stripe-service/internal/service/stripe.go:152.163,156.31 3 1
stripe-service/internal/service/stripe.go:156.31,158.3 1 1
stripe-service/internal/service/stripe.go:160.2,160.25 1 1
stripe-service/internal/service/stripe.go:160.25,162.3 1 0
stripe-service/internal/service/stripe.go:164.2,165.16 2 1
stripe-service/internal/service/stripe.go:165.16,167.3 1 1
stripe-service/internal/service/stripe.go:169.2,169.52 1 0
stripe-service/internal/service/stripe.go:175.119,183.25 3 1
stripe-service/internal/service/stripe.go:183.25,185.3 1 0
stripe-service/internal/service/stripe.go:187.2,188.16 2 1
stripe-service/internal/service/stripe.go:188.16,190.3 1 1
stripe-service/internal/service/stripe.go:192.2,192.51 1 0
stripe-service/internal/service/stripe.go:196.113,205.60 3 1
stripe-service/internal/service/stripe.go:205.60,209.3 1 1
stripe-service/internal/service/stripe.go:211.2,211.25 1 1
stripe-service/internal/service/stripe.go:211.25,213.3 1 0
stripe-service/internal/service/stripe.go:215.2,216.16 2 1
stripe-service/internal/service/stripe.go:216.16,218.3 1 1
stripe-service/internal/service/stripe.go:220.2,220.47 1 0
stripe-service/internal/service/stripe.go:226.134,237.25 3 1
stripe-service/internal/service/stripe.go:237.25,239.3 1 0
stripe-service/internal/service/stripe.go:241.2,242.16 2 1
stripe-service/internal/service/stripe.go:242.16,244.3 1 1
stripe-service/internal/service/stripe.go:246.2,246.52 1 0
stripe-service/internal/service/stripe.go:250.118,255.16 4 1
stripe-service/internal/service/stripe.go:255.16,257.3 1 1
stripe-service/internal/service/stripe.go:259.2,259.52 1 0
stripe-service/internal/service/stripe.go:280.48,281.23 1 1
stripe-service/internal/service/stripe.go:281.23,283.3 1 1
stripe-service/internal/service/stripe.go:284.2,284.22 1 0
stripe-service/internal/service/stripe.go:287.51,288.23 1 1
stripe-service/internal/service/stripe.go:288.23,290.3 1 1
stripe-service/internal/service/stripe.go:291.2,291.25 1 0
stripe-service/internal/service/stripe.go:294.50,295.23 1 1
stripe-service/internal/service/stripe.go:295.23,297.3 1 1
stripe-service/internal/service/stripe.go:298.2,298.24 1 0
stripe-service/internal/service/stripe.go:301.51,302.23 1 1
stripe-service/internal/service/stripe.go:302.23,304.3 1 1
stripe-service/internal/service/stripe.go:305.2,305.25 1 0
stripe-service/internal/service/stripe.go:308.57,309.23 1 1
stripe-service/internal/service/stripe.go:309.23,311.3 1 1
stripe-service/internal/service/stripe.go:312.2,312.31 1 0
stripe-service/internal/service/stripe.go:315.65,316.23 1 1
stripe-service/internal/service/stripe.go:316.23,318.3 1 1
stripe-service/internal/service/stripe.go:319.2,319.28 1 0
stripe-service/internal/service/stripe.go:322.52,323.23 1 1
stripe-service/internal/service/stripe.go:323.23,325.3 1 1
stripe-service/internal/service/stripe.go:326.2,326.27 1 0
stripe-service/internal/service/stripe.go:329.97,330.27 1 1
stripe-service/internal/service/stripe.go:330.27,332.3 1 1
stripe-service/internal/service/stripe.go:333.2,334.50 2 0
stripe-service/internal/service/stripe.go:337.104,351.2 2 1
stripe-service/internal/service/stripe.go:353.106,354.21 1 1
stripe-service/internal/service/stripe.go:354.21,356.3 1 1
stripe-service/internal/service/stripe.go:357.2,358.30 2 0
stripe-service/internal/service/stripe.go:358.30,360.3 1 0
stripe-service/internal/service/stripe.go:362.2,375.3 2 0
stripe-service/internal/service/stripe.go:378.93,379.26 1 1
stripe-service/internal/service/stripe.go:379.26,381.3 1 1
stripe-service/internal/service/stripe.go:382.2,384.31 3 0
stripe-service/internal/service/stripe.go:384.31,386.3 1 0
stripe-service/internal/service/stripe.go:388.2,396.3 1 0
stripe-service/internal/service/stripe.go:399.85,400.24 1 1
stripe-service/internal/service/stripe.go:400.24,402.3 1 1
stripe-service/internal/service/stripe.go:403.2,408.34 4 0
stripe-service/internal/service/stripe.go:408.34,411.3 2 0
stripe-service/internal/service/stripe.go:413.2,424.3 1 0
stripe-service/internal/service/stripe.go:427.104,428.22 1 1
stripe-service/internal/service/stripe.go:428.22,430.3 1 1
stripe-service/internal/service/stripe.go:431.2,443.3 2 0
