mode: set
stripe-service/internal/server/server.go:17.63,21.2 3 1
stripe-service/internal/server/server.go:23.41,25.2 1 1
stripe-service/internal/server/server.go:27.69,45.76 9 1
stripe-service/internal/server/server.go:45.76,47.3 1 0
stripe-service/internal/server/server.go:50.2,63.19 7 1
stripe-service/internal/server/server.go:67.68,68.71 1 1
stripe-service/internal/server/server.go:68.71,87.3 5 1
stripe-service/internal/server/server.go:91.65,92.71 1 1
stripe-service/internal/server/server.go:92.71,97.28 4 1
stripe-service/internal/server/server.go:97.28,100.4 2 1
stripe-service/internal/server/server.go:102.3,102.23 1 1
stripe-service/internal/server/server.go:112.56,115.2 2 1
